\BOOKMARK [0][-]{chapter.1}{Parte Pr\341ctica}{}% 1
\BOOKMARK [1][-]{section.1.1}{Ejercicio 1}{chapter.1}% 2
\BOOKMARK [1][-]{section.1.2}{Ejercicio 2}{chapter.1}% 3
\BOOKMARK [1][-]{section.1.3}{Ejercicio 3}{chapter.1}% 4
\BOOKMARK [1][-]{section.1.4}{Ejercicio 4}{chapter.1}% 5
\BOOKMARK [1][-]{section.1.5}{Ejercicio 5}{chapter.1}% 6
\BOOKMARK [0][-]{chapter.2}{Parte Te\363rica}{}% 7
\BOOKMARK [1][-]{section.2.1}{Preguntas tipo test}{chapter.2}% 8
\BOOKMARK [2][-]{subsection.2.1.1}{Pregunta 1}{section.2.1}% 9
\BOOKMARK [2][-]{subsection.2.1.2}{Pregunta 2}{section.2.1}% 10
\BOOKMARK [2][-]{subsection.2.1.3}{Pregunta 3}{section.2.1}% 11
\BOOKMARK [2][-]{subsection.2.1.4}{Pregunta 4}{section.2.1}% 12
\BOOKMARK [2][-]{subsection.2.1.5}{Pregunta 5}{section.2.1}% 13
\BOOKMARK [2][-]{subsection.2.1.6}{Pregunta 6}{section.2.1}% 14
\BOOKMARK [2][-]{subsection.2.1.7}{Pregunta 7}{section.2.1}% 15
\BOOKMARK [2][-]{subsection.2.1.8}{Pregunta 8}{section.2.1}% 16
\BOOKMARK [2][-]{subsection.2.1.9}{Pregunta 9}{section.2.1}% 17
\BOOKMARK [2][-]{subsection.2.1.10}{Pregunta 10}{section.2.1}% 18
\BOOKMARK [2][-]{subsection.2.1.11}{Pregunta 11}{section.2.1}% 19
\BOOKMARK [2][-]{subsection.2.1.12}{Pregunta 12}{section.2.1}% 20
\BOOKMARK [1][-]{section.2.2}{Clasificaci\363n y experimentos}{chapter.2}% 21
\BOOKMARK [1][-]{section.2.3}{Concept Drift}{chapter.2}% 22
