This is pdfTeX, Version 3.14159265-2.6-1.40.19 (MiKTeX 2.9.6880 64-bit) (preloaded format=pdflatex 2018.11.22)  14 MAR 2019 12:16
entering extended mode
**./proyecto.tex
(proyecto.tex
LaTeX2e <2018-04-01> patch level 5

("C:\Users\Alberto Armijo Ruiz\AppData\Local\Programs\MiKTeX 2.9\tex\latex\base
\book.cls"
Document Class: book 2014/09/29 v1.4h Standard LaTeX document class

("C:\Users\Alberto Armijo Ruiz\AppData\Local\Programs\MiKTeX 2.9\tex\latex\base
\bk11.clo"
File: bk11.clo 2014/09/29 v1.4h Standard LaTeX file (size option)
)
\c@part=\count80
\c@chapter=\count81
\c@section=\count82
\c@subsection=\count83
\c@subsubsection=\count84
\c@paragraph=\count85
\c@subparagraph=\count86
\c@figure=\count87
\c@table=\count88
\abovecaptionskip=\skip41
\belowcaptionskip=\skip42
\bibindent=\dimen102
)
("C:\Users\Alberto Armijo Ruiz\AppData\Local\Programs\MiKTeX 2.9\tex\latex\list
ings\listings.sty"
("C:\Users\Alberto Armijo Ruiz\AppData\Local\Programs\MiKTeX 2.9\tex\latex\grap
hics\keyval.sty"
Package: keyval 2014/10/28 v1.15 key=value parser (DPC)
\KV@toks@=\toks14
)
\lst@mode=\count89
\lst@gtempboxa=\box26
\lst@token=\toks15
\lst@length=\count90
\lst@currlwidth=\dimen103
\lst@column=\count91
\lst@pos=\count92
\lst@lostspace=\dimen104
\lst@width=\dimen105
\lst@newlines=\count93
\lst@lineno=\count94
\lst@maxwidth=\dimen106

("C:\Users\Alberto Armijo Ruiz\AppData\Local\Programs\MiKTeX 2.9\tex\latex\list
ings\lstmisc.sty"
File: lstmisc.sty 2018/09/02 1.7 (Carsten Heinz)
\c@lstnumber=\count95
\lst@skipnumbers=\count96
\lst@framebox=\box27
)
("C:\Users\Alberto Armijo Ruiz\AppData\Local\Programs\MiKTeX 2.9\tex\latex\list
ings\listings.cfg"
File: listings.cfg 2018/09/02 1.7 listings configuration
))
Package: listings 2018/09/02 1.7 (Carsten Heinz)

("C:\Users\Alberto Armijo Ruiz\AppData\Local\Programs\MiKTeX 2.9\tex\latex\base
\inputenc.sty"
Package: inputenc 2018/04/06 v1.3b Input encoding file
\inpenc@prehook=\toks16
\inpenc@posthook=\toks17
)
("C:\Users\Alberto Armijo Ruiz\AppData\Local\Programs\MiKTeX 2.9\tex\generic\ba
bel\babel.sty"
Package: babel 2018/11/13 3.27 The Babel package

("C:\Users\Alberto Armijo Ruiz\AppData\Local\Programs\MiKTeX 2.9\tex\generic\ba
bel\switch.def"
File: switch.def 2018/11/13 3.27 Babel switching mechanism
)
*************************************
* Local config file bblopts.cfg used
*

("C:\Users\Alberto Armijo Ruiz\AppData\Local\Programs\MiKTeX 2.9\tex\latex\arab
i\bblopts.cfg"
File: bblopts.cfg 2005/09/08 v0.1 add Arabic and Farsi to "declared" options of
 babel
)
("C:\Users\Alberto Armijo Ruiz\AppData\Local\Programs\MiKTeX 2.9\tex\latex\babe
l-spanish\spanish.ldf"
Language: spanish.ldf 2016/03/03 v5.0p Spanish support from the babel system

("C:\Users\Alberto Armijo Ruiz\AppData\Local\Programs\MiKTeX 2.9\tex\generic\ba
bel\babel.def"
File: babel.def 2018/11/13 3.27 Babel common definitions
\babel@savecnt=\count97
\U@D=\dimen107

("C:\Users\Alberto Armijo Ruiz\AppData\Local\Programs\MiKTeX 2.9\tex\generic\ba
bel\txtbabel.def")
\bbl@dirlevel=\count98
)
\es@quottoks=\toks18
\es@quotdepth=\count99
Package babel Info: Making " an active character on input line 561.
Package babel Info: Making . an active character on input line 662.
Package babel Info: Making < an active character on input line 707.
Package babel Info: Making > an active character on input line 707.
))
("C:\Users\Alberto Armijo Ruiz\AppData\Local\Programs\MiKTeX 2.9\tex\latex\tool
s\dcolumn.sty"
Package: dcolumn 2014/10/28 v1.06 decimal alignment package (DPC)

("C:\Users\Alberto Armijo Ruiz\AppData\Local\Programs\MiKTeX 2.9\tex\latex\tool
s\array.sty"
Package: array 2018/04/30 v2.4h Tabular extension package (FMi)
\col@sep=\dimen108
\ar@mcellbox=\box28
\extrarowheight=\dimen109
\NC@list=\toks19
\extratabsurround=\skip43
\backup@length=\skip44
\ar@cellbox=\box29
))
("C:\Users\Alberto Armijo Ruiz\AppData\Local\Programs\MiKTeX 2.9\tex\latex\tool
s\verbatim.sty"
Package: verbatim 2014/10/28 v1.5q LaTeX2e package for verbatim enhancements
\every@verbatim=\toks20
\verbatim@line=\toks21
\verbatim@in@stream=\read1
)
("C:\Users\Alberto Armijo Ruiz\AppData\Local\Programs\MiKTeX 2.9\tex\latex\fanc
yhdr\fancyhdr.sty"
Package: fancyhdr 2019/01/31 v3.10 Extensive control of page headers and footer
s
\f@nch@headwidth=\skip45
\f@nch@O@elh=\skip46
\f@nch@O@erh=\skip47
\f@nch@O@olh=\skip48
\f@nch@O@orh=\skip49
\f@nch@O@elf=\skip50
\f@nch@O@erf=\skip51
\f@nch@O@olf=\skip52
\f@nch@O@orf=\skip53
)
("C:\Users\Alberto Armijo Ruiz\AppData\Local\Programs\MiKTeX 2.9\tex\latex\grap
hics\graphicx.sty"
Package: graphicx 2017/06/01 v1.1a Enhanced LaTeX Graphics (DPC,SPQR)

("C:\Users\Alberto Armijo Ruiz\AppData\Local\Programs\MiKTeX 2.9\tex\latex\grap
hics\graphics.sty"
Package: graphics 2017/06/25 v1.2c Standard LaTeX Graphics (DPC,SPQR)

("C:\Users\Alberto Armijo Ruiz\AppData\Local\Programs\MiKTeX 2.9\tex\latex\grap
hics\trig.sty"
Package: trig 2016/01/03 v1.10 sin cos tan (DPC)
)
("C:\Users\Alberto Armijo Ruiz\AppData\Local\Programs\MiKTeX 2.9\tex\latex\grap
hics-cfg\graphics.cfg"
File: graphics.cfg 2016/06/04 v1.11 sample graphics configuration
)
Package graphics Info: Driver file: pdftex.def on input line 99.

("C:\Users\Alberto Armijo Ruiz\AppData\Local\Programs\MiKTeX 2.9\tex\latex\grap
hics-def\pdftex.def"
File: pdftex.def 2018/01/08 v1.0l Graphics/color driver for pdftex
))
\Gin@req@height=\dimen110
\Gin@req@width=\dimen111
)
("C:\Users\Alberto Armijo Ruiz\AppData\Local\Programs\MiKTeX 2.9\tex\latex\tool
s\afterpage.sty"
Package: afterpage 2014/10/28 v1.08 After-Page Package (DPC)
\AP@output=\toks22
\AP@partial=\box30
\AP@footins=\box31
)
("C:\Users\Alberto Armijo Ruiz\AppData\Local\Programs\MiKTeX 2.9\tex\latex\subf
igure\subfigure.sty"
Package: subfigure 2002/07/30 v2.1.4 subfigure package
\subfigtopskip=\skip54
\subfigcapskip=\skip55
\subfigcaptopadj=\dimen112
\subfigbottomskip=\skip56
\subfigcapmargin=\dimen113
\subfiglabelskip=\skip57
\c@subfigure=\count100
\c@lofdepth=\count101
\c@subtable=\count102
\c@lotdepth=\count103

****************************************
* Local config file subfigure.cfg used *
****************************************

("C:\Users\Alberto Armijo Ruiz\AppData\Local\Programs\MiKTeX 2.9\tex\latex\subf
igure\subfigure.cfg")
\subfig@top=\skip58
\subfig@bottom=\skip59
)
("C:\Users\Alberto Armijo Ruiz\AppData\Local\Programs\MiKTeX 2.9\tex\latex\tool
s\longtable.sty"
Package: longtable 2014/10/28 v4.11 Multi-page Table package (DPC)
\LTleft=\skip60
\LTright=\skip61
\LTpre=\skip62
\LTpost=\skip63
\LTchunksize=\count104
\LTcapwidth=\dimen114
\LT@head=\box32
\LT@firsthead=\box33
\LT@foot=\box34
\LT@lastfoot=\box35
\LT@cols=\count105
\LT@rows=\count106
\c@LT@tables=\count107
\c@LT@chunks=\count108
\LT@p@ftn=\toks23
)
("C:\Users\Alberto Armijo Ruiz\AppData\Local\Programs\MiKTeX 2.9\tex\latex\hype
rref\hyperref.sty"
Package: hyperref 2018/09/30 v6.88a Hypertext links for LaTeX

("C:\Users\Alberto Armijo Ruiz\AppData\Local\Programs\MiKTeX 2.9\tex\generic\ob
erdiek\hobsub-hyperref.sty"
Package: hobsub-hyperref 2016/05/16 v1.14 Bundle oberdiek, subset hyperref (HO)


("C:\Users\Alberto Armijo Ruiz\AppData\Local\Programs\MiKTeX 2.9\tex\generic\ob
erdiek\hobsub-generic.sty"
Package: hobsub-generic 2016/05/16 v1.14 Bundle oberdiek, subset generic (HO)
Package: hobsub 2016/05/16 v1.14 Construct package bundles (HO)
Package: infwarerr 2016/05/16 v1.4 Providing info/warning/error messages (HO)
Package: ltxcmds 2016/05/16 v1.23 LaTeX kernel commands for general use (HO)
Package: ifluatex 2016/05/16 v1.4 Provides the ifluatex switch (HO)
Package ifluatex Info: LuaTeX not detected.
Package: ifvtex 2016/05/16 v1.6 Detect VTeX and its facilities (HO)
Package ifvtex Info: VTeX not detected.
Package: intcalc 2016/05/16 v1.2 Expandable calculations with integers (HO)
Package: ifpdf 2018/09/07 v3.3 Provides the ifpdf switch
Package: etexcmds 2016/05/16 v1.6 Avoid name clashes with e-TeX commands (HO)
Package: kvsetkeys 2016/05/16 v1.17 Key value parser (HO)
Package: kvdefinekeys 2016/05/16 v1.4 Define keys (HO)
Package: pdftexcmds 2018/09/10 v0.29 Utility functions of pdfTeX for LuaTeX (HO
)
Package pdftexcmds Info: LuaTeX not detected.
Package pdftexcmds Info: \pdf@primitive is available.
Package pdftexcmds Info: \pdf@ifprimitive is available.
Package pdftexcmds Info: \pdfdraftmode found.
Package: pdfescape 2016/05/16 v1.14 Implements pdfTeX's escape features (HO)
Package: bigintcalc 2016/05/16 v1.4 Expandable calculations on big integers (HO
)
Package: bitset 2016/05/16 v1.2 Handle bit-vector datatype (HO)
Package: uniquecounter 2016/05/16 v1.3 Provide unlimited unique counter (HO)
)
Package hobsub Info: Skipping package `hobsub' (already loaded).
Package: letltxmacro 2016/05/16 v1.5 Let assignment for LaTeX macros (HO)
Package: hopatch 2016/05/16 v1.3 Wrapper for package hooks (HO)
Package: xcolor-patch 2016/05/16 xcolor patch
Package: atveryend 2016/05/16 v1.9 Hooks at the very end of document (HO)
Package atveryend Info: \AP@enddocument detected (standard20110627).
Package: atbegshi 2016/06/09 v1.18 At begin shipout hook (HO)
Package: refcount 2016/05/16 v3.5 Data extraction from label references (HO)
Package: hycolor 2016/05/16 v1.8 Color options for hyperref/bookmark (HO)
)
("C:\Users\Alberto Armijo Ruiz\AppData\Local\Programs\MiKTeX 2.9\tex\generic\if
xetex\ifxetex.sty"
Package: ifxetex 2010/09/12 v0.6 Provides ifxetex conditional
)
("C:\Users\Alberto Armijo Ruiz\AppData\Local\Programs\MiKTeX 2.9\tex\latex\ober
diek\auxhook.sty"
Package: auxhook 2016/05/16 v1.4 Hooks for auxiliary files (HO)
)
("C:\Users\Alberto Armijo Ruiz\AppData\Local\Programs\MiKTeX 2.9\tex\latex\ober
diek\kvoptions.sty"
Package: kvoptions 2016/05/16 v3.12 Key value format for package options (HO)
)
\@linkdim=\dimen115
\Hy@linkcounter=\count109
\Hy@pagecounter=\count110

("C:\Users\Alberto Armijo Ruiz\AppData\Local\Programs\MiKTeX 2.9\tex\latex\hype
rref\pd1enc.def"
File: pd1enc.def 2018/09/30 v6.88a Hyperref: PDFDocEncoding definition (HO)
Now handling font encoding PD1 ...
... no UTF-8 mapping file for font encoding PD1
)
\Hy@SavedSpaceFactor=\count111

("C:\Users\Alberto Armijo Ruiz\AppData\Local\Programs\MiKTeX 2.9\tex\latex\00mi
ktex\hyperref.cfg"
File: hyperref.cfg 2002/06/06 v1.2 hyperref configuration of TeXLive
)

Package hyperref Warning: Invalid value `000'
(hyperref)                for option `pdfborder'.
(hyperref)                Option setting is ignored on input line 4409.

Package hyperref Info: Hyper figures OFF on input line 4535.
Package hyperref Info: Link nesting OFF on input line 4540.
Package hyperref Info: Hyper index ON on input line 4543.
Package hyperref Info: Plain pages OFF on input line 4550.
Package hyperref Info: Backreferencing OFF on input line 4555.
Package hyperref Info: Implicit mode ON; LaTeX internals redefined.
Package hyperref Info: Bookmarks ON on input line 4788.
\c@Hy@tempcnt=\count112

("C:\Users\Alberto Armijo Ruiz\AppData\Local\Programs\MiKTeX 2.9\tex\latex\url\
url.sty"
\Urlmuskip=\muskip10
Package: url 2013/09/16  ver 3.4  Verb mode for urls, etc.
)
LaTeX Info: Redefining \url on input line 5141.
\XeTeXLinkMargin=\dimen116
\Fld@menulength=\count113
\Field@Width=\dimen117
\Fld@charsize=\dimen118
Package hyperref Info: Hyper figures OFF on input line 6396.
Package hyperref Info: Link nesting OFF on input line 6401.
Package hyperref Info: Hyper index ON on input line 6404.
Package hyperref Info: backreferencing OFF on input line 6411.
Package hyperref Info: Link coloring OFF on input line 6416.
Package hyperref Info: Link coloring with OCG OFF on input line 6421.
Package hyperref Info: PDF/A mode OFF on input line 6426.
LaTeX Info: Redefining \ref on input line 6466.
LaTeX Info: Redefining \pageref on input line 6470.
\Hy@abspage=\count114
\c@Item=\count115
\c@Hfootnote=\count116
)
Package hyperref Info: Driver (autodetected): hpdftex.

("C:\Users\Alberto Armijo Ruiz\AppData\Local\Programs\MiKTeX 2.9\tex\latex\hype
rref\hpdftex.def"
File: hpdftex.def 2018/09/30 v6.88a Hyperref driver for pdfTeX
\Fld@listcount=\count117
\c@bookmark@seq@number=\count118

("C:\Users\Alberto Armijo Ruiz\AppData\Local\Programs\MiKTeX 2.9\tex\latex\ober
diek\rerunfilecheck.sty"
Package: rerunfilecheck 2016/05/16 v1.8 Rerun checks for auxiliary files (HO)
Package uniquecounter Info: New unique counter `rerunfilecheck' on input line 2
82.
)
\Hy@SectionHShift=\skip64
)

Package hyperref Warning: Token not allowed in a PDF string (PDFDocEncoding):
(hyperref)                removing `subscript' on input line 57.


Package hyperref Warning: Token not allowed in a PDF string (PDFDocEncoding):
(hyperref)                removing `subscript' on input line 57.


Package hyperref Warning: Token not allowed in a PDF string (PDFDocEncoding):
(hyperref)                removing `subscript' on input line 57.


("C:\Users\Alberto Armijo Ruiz\AppData\Local\Programs\MiKTeX 2.9\tex\latex\colo
rtbl\colortbl.sty"
Package: colortbl 2018/12/12 v1.0d Color table columns (DPC)

("C:\Users\Alberto Armijo Ruiz\AppData\Local\Programs\MiKTeX 2.9\tex\latex\grap
hics\color.sty"
Package: color 2016/07/10 v1.1e Standard LaTeX Color (DPC)

("C:\Users\Alberto Armijo Ruiz\AppData\Local\Programs\MiKTeX 2.9\tex\latex\grap
hics-cfg\color.cfg"
File: color.cfg 2016/01/02 v1.6 sample color configuration
)
Package color Info: Driver file: pdftex.def on input line 147.
)
\everycr=\toks24
\minrowclearance=\skip65
)
("C:\Users\Alberto Armijo Ruiz\AppData\Local\Programs\MiKTeX 2.9\tex\latex\foot
misc\footmisc.sty"
Package: footmisc 2011/06/06 v5.5b a miscellany of footnote facilities
\FN@temptoken=\toks25
\footnotemargin=\dimen119
\c@pp@next@reset=\count119
Package footmisc Info: Declaring symbol style bringhurst on input line 855.
Package footmisc Info: Declaring symbol style chicago on input line 863.
Package footmisc Info: Declaring symbol style wiley on input line 872.
Package footmisc Info: Declaring symbol style lamport-robust on input line 883.

Package footmisc Info: Declaring symbol style lamport* on input line 903.
Package footmisc Info: Declaring symbol style lamport*-robust on input line 924
.
)
("C:\Users\Alberto Armijo Ruiz\AppData\Local\Programs\MiKTeX 2.9\tex\latex\list
ings\lstlang1.sty"
File: lstlang1.sty 2018/09/02 1.7 listings language file
)
("C:\Users\Alberto Armijo Ruiz\AppData\Local\Programs\MiKTeX 2.9\tex\latex\pdfp
ages\pdfpages.sty"
Package: pdfpages 2017/10/31 v0.5l Insert pages of external PDF documents (AM)

("C:\Users\Alberto Armijo Ruiz\AppData\Local\Programs\MiKTeX 2.9\tex\latex\base
\ifthen.sty"
Package: ifthen 2014/09/29 v1.1c Standard LaTeX ifthen package (DPC)
)
("C:\Users\Alberto Armijo Ruiz\AppData\Local\Programs\MiKTeX 2.9\tex\latex\tool
s\calc.sty"
Package: calc 2017/05/25 v4.3 Infix arithmetic (KKT,FJ)
\calc@Acount=\count120
\calc@Bcount=\count121
\calc@Adimen=\dimen120
\calc@Bdimen=\dimen121
\calc@Askip=\skip66
\calc@Bskip=\skip67
LaTeX Info: Redefining \setlength on input line 80.
LaTeX Info: Redefining \addtolength on input line 81.
\calc@Ccount=\count122
\calc@Cskip=\skip68
)
("C:\Users\Alberto Armijo Ruiz\AppData\Local\Programs\MiKTeX 2.9\tex\latex\eso-
pic\eso-pic.sty"
Package: eso-pic 2018/04/12 v2.0h eso-pic (RN)
)
\AM@pagewidth=\dimen122
\AM@pageheight=\dimen123

("C:\Users\Alberto Armijo Ruiz\AppData\Local\Programs\MiKTeX 2.9\tex\latex\pdfp
ages\pppdftex.def"
File: pppdftex.def 2017/10/31 v0.5l Pdfpages driver for pdfTeX (AM)
)
\AM@pagebox=\box36
\AM@global@opts=\toks26
\AM@toc@title=\toks27
\c@AM@survey=\count123
\AM@templatesizebox=\box37
)
("C:\Users\Alberto Armijo Ruiz\AppData\Local\Programs\MiKTeX 2.9\tex\latex\date
time\datetime.sty"
Package: datetime 2015/03/20 v2.60 Date Time Package

("C:\Users\Alberto Armijo Ruiz\AppData\Local\Programs\MiKTeX 2.9\tex\latex\etoo
lbox\etoolbox.sty"
Package: etoolbox 2018/08/19 v2.5f e-TeX tools for LaTeX (JAW)
\etb@tempcnta=\count124
)
("C:\Users\Alberto Armijo Ruiz\AppData\Local\Programs\MiKTeX 2.9\tex\latex\fmtc
ount\fmtcount.sty"
Package: fmtcount 2017/12/24 v3.05

("C:\Users\Alberto Armijo Ruiz\AppData\Local\Programs\MiKTeX 2.9\tex\latex\xkey
val\xkeyval.sty"
Package: xkeyval 2014/12/03 v2.7a package option processing (HA)

("C:\Users\Alberto Armijo Ruiz\AppData\Local\Programs\MiKTeX 2.9\tex\generic\xk
eyval\xkeyval.tex"
("C:\Users\Alberto Armijo Ruiz\AppData\Local\Programs\MiKTeX 2.9\tex\generic\xk
eyval\xkvutils.tex"
\XKV@toks=\toks28
\XKV@tempa@toks=\toks29
)
\XKV@depth=\count125
File: xkeyval.tex 2014/12/03 v2.7a key=value parser (HA)
))
("C:\Users\Alberto Armijo Ruiz\AppData\Local\Programs\MiKTeX 2.9\tex\latex\fmtc
ount\fcprefix.sty"
Package: fcprefix 2012/09/28

("C:\Users\Alberto Armijo Ruiz\AppData\Local\Programs\MiKTeX 2.9\tex\latex\fmtc
ount\fcnumparser.sty"
Package: fcnumparser 2017/06/15
\fc@digit@counter=\count126
))
("C:\Users\Alberto Armijo Ruiz\AppData\Local\Programs\MiKTeX 2.9\tex\latex\amsm
ath\amsgen.sty"
File: amsgen.sty 1999/11/30 v2.0 generic functions
\@emptytoks=\toks30
\ex@=\dimen124
)
\c@padzeroesN=\count127
\fc@tmpcatcode=\count128
\@DT@modctr=\count129
\@ordinalctr=\count130
\@orgargctr=\count131
\@strctr=\count132
\@tmpstrctr=\count133
\@DT@loopN=\count134
\@DT@X=\count135
)
("C:\Users\Alberto Armijo Ruiz\AppData\Local\Programs\MiKTeX 2.9\tex\latex\date
time\datetime-defaults.sty"
Package: datetime-defaults 2013/09/10
)
\@day=\count136
\@month=\count137
\@year=\count138
\c@HOUR=\count139
\c@HOURXII=\count140
\c@MINUTE=\count141
\c@TOHOUR=\count142
\c@TOMINUTE=\count143
\c@SECOND=\count144
\currenthour=\count145
\currentminute=\count146
\currentsecond=\count147
Package datetime Info: No datetime.cfg file found, using default settings on in
put line 308.
\@dtctr=\count148
\dayofyear=\count149
\dayofweek=\count150
LaTeX Info: Redefining \today on input line 736.

("C:\Users\Alberto Armijo Ruiz\AppData\Local\Programs\MiKTeX 2.9\tex\latex\date
time\dt-spanish.def"
File: dt-spanish.def 2013/09/10
LaTeX Info: Redefining \datespanish on input line 85.
)
\dt@a=\toks31
\dt@b=\toks32
)
("C:\Users\Alberto Armijo Ruiz\AppData\Local\Programs\MiKTeX 2.9\tex\latex\geom
etry\geometry.sty"
Package: geometry 2018/04/16 v5.8 Page Geometry
\Gm@cnth=\count151
\Gm@cntv=\count152
\c@Gm@tempcnt=\count153
\Gm@bindingoffset=\dimen125
\Gm@wd@mp=\dimen126
\Gm@odd@mp=\dimen127
\Gm@even@mp=\dimen128
\Gm@layoutwidth=\dimen129
\Gm@layoutheight=\dimen130
\Gm@layouthoffset=\dimen131
\Gm@layoutvoffset=\dimen132
\Gm@dimlist=\toks33

("C:\Users\Alberto Armijo Ruiz\AppData\Local\Programs\MiKTeX 2.9\tex\latex\geom
etry\geometry.cfg"))
("C:\Users\Alberto Armijo Ruiz\AppData\Local\Programs\MiKTeX 2.9\tex\latex\capt
ion\caption.sty"
Package: caption 2018/10/06 v3.3-154 Customizing captions (AR)

("C:\Users\Alberto Armijo Ruiz\AppData\Local\Programs\MiKTeX 2.9\tex\latex\capt
ion\caption3.sty"
Package: caption3 2018/09/12 v1.8c caption3 kernel (AR)
Package caption3 Info: TeX engine: e-TeX on input line 64.
\captionmargin=\dimen133
\captionmargin@=\dimen134
\captionwidth=\dimen135
\caption@tempdima=\dimen136
\caption@indent=\dimen137
\caption@parindent=\dimen138
\caption@hangindent=\dimen139
)
\c@caption@flags=\count154
\c@ContinuedFloat=\count155
Package caption Info: hyperref package is loaded.
Package caption Info: listings package is loaded.
Package caption Info: longtable package is loaded.

("C:\Users\Alberto Armijo Ruiz\AppData\Local\Programs\MiKTeX 2.9\tex\latex\capt
ion\ltcaption.sty"
Package: ltcaption 2018/08/26 v1.4-95 longtable captions (AR)
)
Package caption Info: subfigure package is loaded.
)
("C:\Users\Alberto Armijo Ruiz\AppData\Local\Programs\MiKTeX 2.9\tex\latex\csqu
otes\csquotes.sty"
Package: csquotes 2018/04/13 v5.2d context-sensitive quotations (JAW)
\csq@reset=\count156
\csq@gtype=\count157
\csq@glevel=\count158
\csq@qlevel=\count159
\csq@maxlvl=\count160
\csq@tshold=\count161
\csq@ltx@everypar=\toks34

("C:\Users\Alberto Armijo Ruiz\AppData\Local\Programs\MiKTeX 2.9\tex\latex\csqu
otes\csquotes.def"
File: csquotes.def 2018/04/13 v5.2d csquotes generic definitions (JAW)
)
Package csquotes Info: Trying to load configuration file 'csquotes.cfg'...
Package csquotes Info: ... configuration file loaded successfully.

("C:\Users\Alberto Armijo Ruiz\AppData\Local\Programs\MiKTeX 2.9\tex\latex\csqu
otes\csquotes.cfg"
File: csquotes.cfg 
))
("C:\Users\Alberto Armijo Ruiz\AppData\Local\Programs\MiKTeX 2.9\tex\latex\algo
rithms\algorithm.sty"
Package: algorithm 2009/08/24 v0.1 Document Style `algorithm' - floating enviro
nment

("C:\Users\Alberto Armijo Ruiz\AppData\Local\Programs\MiKTeX 2.9\tex\latex\floa
t\float.sty"
Package: float 2001/11/08 v1.3d Float enhancements (AL)
\c@float@type=\count162
\float@exts=\toks35
\float@box=\box38
\@float@everytoks=\toks36
\@floatcapt=\box39
)
\@float@every@algorithm=\toks37
\c@algorithm=\count163
)
("C:\Users\Alberto Armijo Ruiz\AppData\Local\Programs\MiKTeX 2.9\tex\latex\algo
rithmicx\algpseudocode.sty"
Package: algpseudocode 

("C:\Users\Alberto Armijo Ruiz\AppData\Local\Programs\MiKTeX 2.9\tex\latex\algo
rithmicx\algorithmicx.sty"
Package: algorithmicx 2005/04/27 v1.2 Algorithmicx

Document Style algorithmicx 1.2 - a greatly improved `algorithmic' style
\c@ALG@line=\count164
\c@ALG@rem=\count165
\c@ALG@nested=\count166
\ALG@tlm=\skip69
\ALG@thistlm=\skip70
\c@ALG@Lnr=\count167
\c@ALG@blocknr=\count168
\c@ALG@storecount=\count169
\c@ALG@tmpcounter=\count170
\ALG@tmplength=\skip71
)
Document Style - pseudocode environments for use with the `algorithmicx' style
)
("C:\Users\Alberto Armijo Ruiz\AppData\Local\Programs\MiKTeX 2.9\tex\latex\amsm
ath\amsmath.sty"
Package: amsmath 2017/09/02 v2.17a AMS math features
\@mathmargin=\skip72

For additional information on amsmath, use the `?' option.

("C:\Users\Alberto Armijo Ruiz\AppData\Local\Programs\MiKTeX 2.9\tex\latex\amsm
ath\amstext.sty"
Package: amstext 2000/06/29 v2.01 AMS text
)
("C:\Users\Alberto Armijo Ruiz\AppData\Local\Programs\MiKTeX 2.9\tex\latex\amsm
ath\amsbsy.sty"
Package: amsbsy 1999/11/29 v1.2d Bold Symbols
\pmbraise@=\dimen140
)
("C:\Users\Alberto Armijo Ruiz\AppData\Local\Programs\MiKTeX 2.9\tex\latex\amsm
ath\amsopn.sty"
Package: amsopn 2016/03/08 v2.02 operator names
)
\inf@bad=\count171
LaTeX Info: Redefining \frac on input line 213.
\uproot@=\count172
\leftroot@=\count173
LaTeX Info: Redefining \overline on input line 375.
\classnum@=\count174
\DOTSCASE@=\count175
LaTeX Info: Redefining \ldots on input line 472.
LaTeX Info: Redefining \dots on input line 475.
LaTeX Info: Redefining \cdots on input line 596.
\Mathstrutbox@=\box40
\strutbox@=\box41
\big@size=\dimen141
LaTeX Font Info:    Redeclaring font encoding OML on input line 712.
LaTeX Font Info:    Redeclaring font encoding OMS on input line 713.
\macc@depth=\count176
\c@MaxMatrixCols=\count177
\dotsspace@=\muskip11
\c@parentequation=\count178
\dspbrk@lvl=\count179
\tag@help=\toks38
\row@=\count180
\column@=\count181
\maxfields@=\count182
\andhelp@=\toks39
\eqnshift@=\dimen142
\alignsep@=\dimen143
\tagshift@=\dimen144
\tagwidth@=\dimen145
\totwidth@=\dimen146
\lineht@=\dimen147
\@envbody=\toks40
\multlinegap=\skip73
\multlinetaggap=\skip74
\mathdisplay@stack=\toks41
LaTeX Info: Redefining \[ on input line 2817.
LaTeX Info: Redefining \] on input line 2818.
)
\@input{PreambuloSimple.tex.aux}
\openout2 = `PreambuloSimple.tex.aux'.

No file PreambuloSimple.tex.tex.
Package csquotes Info: Checking for multilingual support...
Package csquotes Info: ... found 'babel' package.
Package csquotes Info: Adjusting default style.
Package csquotes Info: Redefining alias 'default' -> 'spanish'.
(proyecto.aux
LaTeX Info: Redefining \. on input line 23.
LaTeX Info: Redefining \% on input line 23.
)
\openout1 = `proyecto.aux'.

LaTeX Font Info:    Checking defaults for OML/cmm/m/it on input line 153.
LaTeX Font Info:    ... okay on input line 153.
LaTeX Font Info:    Checking defaults for T1/cmr/m/n on input line 153.
LaTeX Font Info:    ... okay on input line 153.
LaTeX Font Info:    Checking defaults for OT1/cmr/m/n on input line 153.
LaTeX Font Info:    ... okay on input line 153.
LaTeX Font Info:    Checking defaults for OMS/cmsy/m/n on input line 153.
LaTeX Font Info:    ... okay on input line 153.
LaTeX Font Info:    Checking defaults for OMX/cmex/m/n on input line 153.
LaTeX Font Info:    ... okay on input line 153.
LaTeX Font Info:    Checking defaults for U/cmr/m/n on input line 153.
LaTeX Font Info:    ... okay on input line 153.
LaTeX Font Info:    Checking defaults for PD1/pdf/m/n on input line 153.
LaTeX Font Info:    ... okay on input line 153.
\c@lstlisting=\count183
LaTeX Info: Redefining \. on input line 153.
LaTeX Info: Redefining \% on input line 153.

("C:\Users\Alberto Armijo Ruiz\AppData\Local\Programs\MiKTeX 2.9\tex\context\ba
se\supp-pdf.mkii"
[Loading MPS to PDF converter (version 2006.09.02).]
\scratchcounter=\count184
\scratchdimen=\dimen148
\scratchbox=\box42
\nofMPsegments=\count185
\nofMParguments=\count186
\everyMPshowfont=\toks42
\MPscratchCnt=\count187
\MPscratchDim=\dimen149
\MPnumerator=\count188
\makeMPintoPDFobject=\count189
\everyMPtoPDFconversion=\toks43
)
("C:\Users\Alberto Armijo Ruiz\AppData\Local\Programs\MiKTeX 2.9\tex\latex\ober
diek\epstopdf-base.sty"
Package: epstopdf-base 2016/05/15 v2.6 Base part for package epstopdf

("C:\Users\Alberto Armijo Ruiz\AppData\Local\Programs\MiKTeX 2.9\tex\latex\ober
diek\grfext.sty"
Package: grfext 2016/05/16 v1.2 Manage graphics extensions (HO)
)
Package epstopdf-base Info: Redefining graphics rule for `.eps' on input line 4
38.
Package grfext Info: Graphics extension search list:
(grfext)             [.pdf,.png,.jpg,.mps,.jpeg,.jbig2,.jb2,.PDF,.PNG,.JPG,.JPE
G,.JBIG2,.JB2,.eps]
(grfext)             \AppendGraphicsExtensions on input line 456.
)
\AtBeginShipoutBox=\box43
Package hyperref Info: Link coloring OFF on input line 153.

("C:\Users\Alberto Armijo Ruiz\AppData\Local\Programs\MiKTeX 2.9\tex\latex\hype
rref\nameref.sty"
Package: nameref 2016/05/21 v2.44 Cross-referencing by name of section

("C:\Users\Alberto Armijo Ruiz\AppData\Local\Programs\MiKTeX 2.9\tex\generic\ob
erdiek\gettitlestring.sty"
Package: gettitlestring 2016/05/16 v1.5 Cleanup title references (HO)
)
\c@section@level=\count190
)
LaTeX Info: Redefining \ref on input line 153.
LaTeX Info: Redefining \pageref on input line 153.
LaTeX Info: Redefining \nameref on input line 153.
 (proyecto.out) (proyecto.out)
\@outlinefile=\write3
\openout3 = `proyecto.out'.


("C:\Users\Alberto Armijo Ruiz\AppData\Local\Programs\MiKTeX 2.9\tex\latex\ober
diek\pdflscape.sty"
Package: pdflscape 2016/05/14 v0.11 Display of landscape pages in PDF (HO)

("C:\Users\Alberto Armijo Ruiz\AppData\Local\Programs\MiKTeX 2.9\tex\latex\grap
hics\lscape.sty"
Package: lscape 2000/10/22 v3.01 Landscape Pages (DPC)
)
Package pdflscape Info: Auto-detected driver: pdftex on input line 81.
)
*geometry* driver: auto-detecting
*geometry* detected driver: pdftex
*geometry* verbose mode - [ preamble ] result:
* driver: pdftex
* paper: a4paper
* layout: <same size as paper>
* layoutoffset:(h,v)=(0.0pt,0.0pt)
* modes: twoside 
* h-part:(L,W,R)=(71.70166pt, 418.25368pt, 107.55254pt)
* v-part:(T,H,B)=(101.40665pt, 591.5302pt, 152.11pt)
* \paperwidth=597.50787pt
* \paperheight=845.04684pt
* \textwidth=418.25368pt
* \textheight=591.5302pt
* \oddsidemargin=-0.56833pt
* \evensidemargin=35.28255pt
* \topmargin=-8.73714pt
* \headheight=18.0pt
* \headsep=19.8738pt
* \topskip=11.0pt
* \footskip=27.46295pt
* \marginparwidth=106.0pt
* \marginparsep=7.0pt
* \columnsep=10.0pt
* \skip\footins=10.0pt plus 4.0pt minus 2.0pt
* \hoffset=0.0pt
* \voffset=0.0pt
* \mag=1000
* \@twocolumnfalse
* \@twosidetrue
* \@mparswitchtrue
* \@reversemarginfalse
* (1in=72.27pt=25.4mm, 1cm=28.453pt)

Package caption Info: Begin \AtBeginDocument code.
Package caption Info: float package is loaded.
Package caption Info: End \AtBeginDocument code.
(portada/portada.tex
\centeroffset=\skip75
<imagenes/logo_ugr.jpg, id=35, 777.90625pt x 231.86626pt>
File: imagenes/logo_ugr.jpg Graphic file (type jpg)
<use imagenes/logo_ugr.jpg>
Package pdftex.def Info: imagenes/logo_ugr.jpg  used on input line 10.
(pdftex.def)             Requested size: 376.42575pt x 112.20026pt.

Overfull \hbox (17.92543pt too wide) in paragraph at lines 7--22
| $[]$ 
 []

<imagenes/etsiit_logo.png, id=36, 110.814pt x 40.4712pt>
File: imagenes/etsiit_logo.png Graphic file (type png)
<use imagenes/etsiit_logo.png>
Package pdftex.def Info: imagenes/etsiit_logo.png  used on input line 28.
(pdftex.def)             Requested size: 125.47737pt x 45.82701pt.

Overfull \hbox (17.92543pt too wide) in paragraph at lines 24--35
| $[]$ 
 []

[1




{C:/Users/Alberto Armijo Ruiz/AppData/Local/MiKTeX/2.9/pdftex/config/pdftex.map
} <./imagenes/logo_ugr.jpg> <./imagenes/etsiit_logo.png>]) (proyecto.toc
LaTeX Info: Redefining \. on input line 1.
LaTeX Info: Redefining \% on input line 1.
)
\tf@toc=\write4
\openout4 = `proyecto.toc'.


[2

] (proyecto.lof
LaTeX Info: Redefining \. on input line 1.
LaTeX Info: Redefining \% on input line 1.
)
\tf@lof=\write5
\openout5 = `proyecto.lof'.

 [3

] (proyecto.lot
LaTeX Info: Redefining \. on input line 1.
LaTeX Info: Redefining \% on input line 1.
)
\tf@lot=\write6
\openout6 = `proyecto.lot'.

 (capitulos/01_ProcesosGaussianos.tex
[4

]
Cap\'{\i }tulo 1.

Underfull \hbox (badness 10000) in paragraph at lines 2--3

 []


Underfull \hbox (badness 10000) in paragraph at lines 11--12

 []

) (capitulos/02_SoftwareUtilizado.tex [5

]
Cap\'{\i }tulo 2.

Underfull \hbox (badness 10000) in paragraph at lines 2--3

 []


Underfull \hbox (badness 10000) in paragraph at lines 4--5

 []


Overfull \hbox (13.86546pt too wide) in paragraph at lines 6--7
\OT1/cmr/m/n/10.95 de-lo a los da-tos, pa-ra ello se de-be uti-li-zar la fun-ci
on \OT1/cmr/m/it/10.95 gp-flow.train.ScipyOptimizer().minimize\OT1/cmr/m/n/10.
95 ;
 []


Underfull \hbox (badness 10000) in paragraph at lines 6--7

 []

) (capitulos/03_Experimentos.tex [6

]
Cap\'{\i }tulo 3.
<imagenes/p1_roc_gpflow.pdf, id=145, 433.62pt x 289.08pt>
File: imagenes/p1_roc_gpflow.pdf Graphic file (type pdf)
<use imagenes/p1_roc_gpflow.pdf>
Package pdftex.def Info: imagenes/p1_roc_gpflow.pdf  used on input line 10.
(pdftex.def)             Requested size: 170.71652pt x 113.8126pt.
<imagenes/p1_curve_gpflow.pdf, id=146, 433.62pt x 289.08pt>
File: imagenes/p1_curve_gpflow.pdf Graphic file (type pdf)
<use imagenes/p1_curve_gpflow.pdf>
Package pdftex.def Info: imagenes/p1_curve_gpflow.pdf  used on input line 11.
(pdftex.def)             Requested size: 170.71652pt x 113.8126pt.
[7

 <./imagenes/p1_roc_gpflow.pdf> <./imagenes/p1_curve_gpflow.pdf

pdfTeX warning: pdflatex.exe (file ./imagenes/p1_curve_gpflow.pdf): PDF inclusi
on: multiple pdfs with page group included in a single page
>]
<imagenes/confusion_mat1_gpflow.pdf, id=226, 433.62pt x 289.08pt>
File: imagenes/confusion_mat1_gpflow.pdf Graphic file (type pdf)
<use imagenes/confusion_mat1_gpflow.pdf>
Package pdftex.def Info: imagenes/confusion_mat1_gpflow.pdf  used on input line
 20.
(pdftex.def)             Requested size: 256.0748pt x 170.72333pt.
<imagenes/p2_roc_gpflow.pdf, id=227, 433.62pt x 289.08pt>
File: imagenes/p2_roc_gpflow.pdf Graphic file (type pdf)
<use imagenes/p2_roc_gpflow.pdf>
Package pdftex.def Info: imagenes/p2_roc_gpflow.pdf  used on input line 42.
(pdftex.def)             Requested size: 170.71652pt x 113.8126pt.
<imagenes/p2_curve_gpflow.pdf, id=228, 433.62pt x 289.08pt>
File: imagenes/p2_curve_gpflow.pdf Graphic file (type pdf)
<use imagenes/p2_curve_gpflow.pdf>
Package pdftex.def Info: imagenes/p2_curve_gpflow.pdf  used on input line 43.
(pdftex.def)             Requested size: 170.71652pt x 113.8126pt.

Underfull \vbox (badness 10000) has occurred while \output is active []

LaTeX Info: Redefining \. on input line 47.
LaTeX Info: Redefining \% on input line 47.
 [8 <./imagenes/confusion_mat1_gpflow.pdf>]
<imagenes/confusion_mat2_gpflow.pdf, id=265, 433.62pt x 289.08pt>
File: imagenes/confusion_mat2_gpflow.pdf Graphic file (type pdf)
<use imagenes/confusion_mat2_gpflow.pdf>
Package pdftex.def Info: imagenes/confusion_mat2_gpflow.pdf  used on input line
 50.
(pdftex.def)             Requested size: 256.0748pt x 170.72333pt.
<imagenes/p3_roc_gpflow.pdf, id=266, 433.62pt x 289.08pt>
File: imagenes/p3_roc_gpflow.pdf Graphic file (type pdf)
<use imagenes/p3_roc_gpflow.pdf>
Package pdftex.def Info: imagenes/p3_roc_gpflow.pdf  used on input line 71.
(pdftex.def)             Requested size: 170.71652pt x 113.8126pt.
<imagenes/p3_curve_gpflow.pdf, id=267, 433.62pt x 289.08pt>
File: imagenes/p3_curve_gpflow.pdf Graphic file (type pdf)
<use imagenes/p3_curve_gpflow.pdf>
Package pdftex.def Info: imagenes/p3_curve_gpflow.pdf  used on input line 72.
(pdftex.def)             Requested size: 170.71652pt x 113.8126pt.
LaTeX Info: Redefining \. on input line 76.
LaTeX Info: Redefining \% on input line 76.
 [9 <./imagenes/p2_roc_gpflow.pdf> <./imagenes/p2_curve_gpflow.pdf

pdfTeX warning: pdflatex.exe (file ./imagenes/p2_curve_gpflow.pdf): PDF inclusi
on: multiple pdfs with page group included in a single page
> <./imagenes/confusion_mat2_gpflow.pdf

pdfTeX warning: pdflatex.exe (file ./imagenes/confusion_mat2_gpflow.pdf): PDF i
nclusion: multiple pdfs with page group included in a single page
>]
<imagenes/confusion_mat3_gpflow.pdf, id=375, 433.62pt x 289.08pt>
File: imagenes/confusion_mat3_gpflow.pdf Graphic file (type pdf)
<use imagenes/confusion_mat3_gpflow.pdf>
Package pdftex.def Info: imagenes/confusion_mat3_gpflow.pdf  used on input line
 79.
(pdftex.def)             Requested size: 256.0748pt x 170.72333pt.
<imagenes/p4_roc_gpflow.pdf, id=376, 433.62pt x 289.08pt>
File: imagenes/p4_roc_gpflow.pdf Graphic file (type pdf)
<use imagenes/p4_roc_gpflow.pdf>
Package pdftex.def Info: imagenes/p4_roc_gpflow.pdf  used on input line 100.
(pdftex.def)             Requested size: 170.71652pt x 113.8126pt.
<imagenes/p4_curve_gpflow.pdf, id=377, 433.62pt x 289.08pt>
File: imagenes/p4_curve_gpflow.pdf Graphic file (type pdf)
<use imagenes/p4_curve_gpflow.pdf>
Package pdftex.def Info: imagenes/p4_curve_gpflow.pdf  used on input line 101.
(pdftex.def)             Requested size: 170.71652pt x 113.8126pt.

Underfull \vbox (badness 2005) has occurred while \output is active []

LaTeX Info: Redefining \. on input line 105.
LaTeX Info: Redefining \% on input line 105.
 [10 <./imagenes/p3_roc_gpflow.pdf> <./imagenes/p3_curve_gpflow.pdf

pdfTeX warning: pdflatex.exe (file ./imagenes/p3_curve_gpflow.pdf): PDF inclusi
on: multiple pdfs with page group included in a single page
> <./imagenes/confusion_mat3_gpflow.pdf

pdfTeX warning: pdflatex.exe (file ./imagenes/confusion_mat3_gpflow.pdf): PDF i
nclusion: multiple pdfs with page group included in a single page
>]
<imagenes/confusion_mat4_gpflow.pdf, id=484, 433.62pt x 289.08pt>
File: imagenes/confusion_mat4_gpflow.pdf Graphic file (type pdf)
<use imagenes/confusion_mat4_gpflow.pdf>
Package pdftex.def Info: imagenes/confusion_mat4_gpflow.pdf  used on input line
 108.
(pdftex.def)             Requested size: 256.0748pt x 170.72333pt.
<imagenes/p5_roc_gpflow.pdf, id=485, 433.62pt x 289.08pt>
File: imagenes/p5_roc_gpflow.pdf Graphic file (type pdf)
<use imagenes/p5_roc_gpflow.pdf>
Package pdftex.def Info: imagenes/p5_roc_gpflow.pdf  used on input line 129.
(pdftex.def)             Requested size: 170.71652pt x 113.8126pt.
<imagenes/p5_curve_gpflow.pdf, id=486, 433.62pt x 289.08pt>
File: imagenes/p5_curve_gpflow.pdf Graphic file (type pdf)
<use imagenes/p5_curve_gpflow.pdf>
Package pdftex.def Info: imagenes/p5_curve_gpflow.pdf  used on input line 130.
(pdftex.def)             Requested size: 170.71652pt x 113.8126pt.

Underfull \vbox (badness 2005) has occurred while \output is active []

LaTeX Info: Redefining \. on input line 134.
LaTeX Info: Redefining \% on input line 134.
 [11 <./imagenes/p4_roc_gpflow.pdf> <./imagenes/p4_curve_gpflow.pdf

pdfTeX warning: pdflatex.exe (file ./imagenes/p4_curve_gpflow.pdf): PDF inclusi
on: multiple pdfs with page group included in a single page
> <./imagenes/confusion_mat4_gpflow.pdf

pdfTeX warning: pdflatex.exe (file ./imagenes/confusion_mat4_gpflow.pdf): PDF i
nclusion: multiple pdfs with page group included in a single page
>]
<imagenes/confusion_mat5_gpflow.pdf, id=593, 433.62pt x 289.08pt>
File: imagenes/confusion_mat5_gpflow.pdf Graphic file (type pdf)
<use imagenes/confusion_mat5_gpflow.pdf>
Package pdftex.def Info: imagenes/confusion_mat5_gpflow.pdf  used on input line
 137.
(pdftex.def)             Requested size: 256.0748pt x 170.72333pt.
<imagenes/p1_roc_gpflow_linear.pdf, id=594, 433.62pt x 289.08pt>
File: imagenes/p1_roc_gpflow_linear.pdf Graphic file (type pdf)
<use imagenes/p1_roc_gpflow_linear.pdf>
Package pdftex.def Info: imagenes/p1_roc_gpflow_linear.pdf  used on input line 
159.
(pdftex.def)             Requested size: 170.71652pt x 113.8126pt.
<imagenes/p1_curve_gpflow_linear.pdf, id=595, 433.62pt x 289.08pt>
File: imagenes/p1_curve_gpflow_linear.pdf Graphic file (type pdf)
<use imagenes/p1_curve_gpflow_linear.pdf>
Package pdftex.def Info: imagenes/p1_curve_gpflow_linear.pdf  used on input lin
e 160.
(pdftex.def)             Requested size: 170.71652pt x 113.8126pt.

Underfull \vbox (badness 10000) has occurred while \output is active []

LaTeX Info: Redefining \. on input line 164.
LaTeX Info: Redefining \% on input line 164.
 [12 <./imagenes/p5_roc_gpflow.pdf> <./imagenes/p5_curve_gpflow.pdf

pdfTeX warning: pdflatex.exe (file ./imagenes/p5_curve_gpflow.pdf): PDF inclusi
on: multiple pdfs with page group included in a single page
> <./imagenes/confusion_mat5_gpflow.pdf

pdfTeX warning: pdflatex.exe (file ./imagenes/confusion_mat5_gpflow.pdf): PDF i
nclusion: multiple pdfs with page group included in a single page
>]
<imagenes/confusion_mat1_gpflow_linear.pdf, id=705, 433.62pt x 289.08pt>
File: imagenes/confusion_mat1_gpflow_linear.pdf Graphic file (type pdf)
<use imagenes/confusion_mat1_gpflow_linear.pdf>
Package pdftex.def Info: imagenes/confusion_mat1_gpflow_linear.pdf  used on inp
ut line 167.
(pdftex.def)             Requested size: 256.0748pt x 170.72333pt.
<imagenes/p2_roc_gpflow_linear.pdf, id=706, 433.62pt x 289.08pt>
File: imagenes/p2_roc_gpflow_linear.pdf Graphic file (type pdf)
<use imagenes/p2_roc_gpflow_linear.pdf>
Package pdftex.def Info: imagenes/p2_roc_gpflow_linear.pdf  used on input line 
188.
(pdftex.def)             Requested size: 170.71652pt x 113.8126pt.
<imagenes/p2_curve_gpflow_linear.pdf, id=707, 433.62pt x 289.08pt>
File: imagenes/p2_curve_gpflow_linear.pdf Graphic file (type pdf)
<use imagenes/p2_curve_gpflow_linear.pdf>
Package pdftex.def Info: imagenes/p2_curve_gpflow_linear.pdf  used on input lin
e 189.
(pdftex.def)             Requested size: 170.71652pt x 113.8126pt.
LaTeX Info: Redefining \. on input line 193.
LaTeX Info: Redefining \% on input line 193.
 [13 <./imagenes/p1_roc_gpflow_linear.pdf> <./imagenes/p1_curve_gpflow_linear.p
df

pdfTeX warning: pdflatex.exe (file ./imagenes/p1_curve_gpflow_linear.pdf): PDF 
inclusion: multiple pdfs with page group included in a single page
> <./imagenes/confusion_mat1_gpflow_linear.pdf

pdfTeX warning: pdflatex.exe (file ./imagenes/confusion_mat1_gpflow_linear.pdf)
: PDF inclusion: multiple pdfs with page group included in a single page
>]
<imagenes/confusion_mat2_gpflow_linear.pdf, id=817, 433.62pt x 289.08pt>
File: imagenes/confusion_mat2_gpflow_linear.pdf Graphic file (type pdf)
<use imagenes/confusion_mat2_gpflow_linear.pdf>
Package pdftex.def Info: imagenes/confusion_mat2_gpflow_linear.pdf  used on inp
ut line 196.
(pdftex.def)             Requested size: 256.0748pt x 170.72333pt.
<imagenes/p3_roc_gpflow_linear.pdf, id=818, 433.62pt x 289.08pt>
File: imagenes/p3_roc_gpflow_linear.pdf Graphic file (type pdf)
<use imagenes/p3_roc_gpflow_linear.pdf>
Package pdftex.def Info: imagenes/p3_roc_gpflow_linear.pdf  used on input line 
217.
(pdftex.def)             Requested size: 170.71652pt x 113.8126pt.
<imagenes/p3_curve_gpflow_linear.pdf, id=819, 433.62pt x 289.08pt>
File: imagenes/p3_curve_gpflow_linear.pdf Graphic file (type pdf)
<use imagenes/p3_curve_gpflow_linear.pdf>
Package pdftex.def Info: imagenes/p3_curve_gpflow_linear.pdf  used on input lin
e 218.
(pdftex.def)             Requested size: 170.71652pt x 113.8126pt.

Underfull \vbox (badness 2005) has occurred while \output is active []

LaTeX Info: Redefining \. on input line 222.
LaTeX Info: Redefining \% on input line 222.
 [14 <./imagenes/p2_roc_gpflow_linear.pdf> <./imagenes/p2_curve_gpflow_linear.p
df

pdfTeX warning: pdflatex.exe (file ./imagenes/p2_curve_gpflow_linear.pdf): PDF 
inclusion: multiple pdfs with page group included in a single page
> <./imagenes/confusion_mat2_gpflow_linear.pdf

pdfTeX warning: pdflatex.exe (file ./imagenes/confusion_mat2_gpflow_linear.pdf)
: PDF inclusion: multiple pdfs with page group included in a single page
>]
<imagenes/confusion_mat3_gpflow_linear.pdf, id=929, 433.62pt x 289.08pt>
File: imagenes/confusion_mat3_gpflow_linear.pdf Graphic file (type pdf)
<use imagenes/confusion_mat3_gpflow_linear.pdf>
Package pdftex.def Info: imagenes/confusion_mat3_gpflow_linear.pdf  used on inp
ut line 225.
(pdftex.def)             Requested size: 256.0748pt x 170.72333pt.
<imagenes/p4_roc_gpflow_linear.pdf, id=930, 433.62pt x 289.08pt>
File: imagenes/p4_roc_gpflow_linear.pdf Graphic file (type pdf)
<use imagenes/p4_roc_gpflow_linear.pdf>
Package pdftex.def Info: imagenes/p4_roc_gpflow_linear.pdf  used on input line 
246.
(pdftex.def)             Requested size: 170.71652pt x 113.8126pt.
<imagenes/p4_curve_gpflow_linear.pdf, id=931, 433.62pt x 289.08pt>
File: imagenes/p4_curve_gpflow_linear.pdf Graphic file (type pdf)
<use imagenes/p4_curve_gpflow_linear.pdf>
Package pdftex.def Info: imagenes/p4_curve_gpflow_linear.pdf  used on input lin
e 247.
(pdftex.def)             Requested size: 170.71652pt x 113.8126pt.

Underfull \vbox (badness 10000) has occurred while \output is active []

LaTeX Info: Redefining \. on input line 251.
LaTeX Info: Redefining \% on input line 251.
 [15 <./imagenes/p3_roc_gpflow_linear.pdf> <./imagenes/p3_curve_gpflow_linear.p
df

pdfTeX warning: pdflatex.exe (file ./imagenes/p3_curve_gpflow_linear.pdf): PDF 
inclusion: multiple pdfs with page group included in a single page
> <./imagenes/confusion_mat3_gpflow_linear.pdf

pdfTeX warning: pdflatex.exe (file ./imagenes/confusion_mat3_gpflow_linear.pdf)
: PDF inclusion: multiple pdfs with page group included in a single page
>]
<imagenes/confusion_mat4_gpflow_linear.pdf, id=1039, 433.62pt x 289.08pt>
File: imagenes/confusion_mat4_gpflow_linear.pdf Graphic file (type pdf)
<use imagenes/confusion_mat4_gpflow_linear.pdf>
Package pdftex.def Info: imagenes/confusion_mat4_gpflow_linear.pdf  used on inp
ut line 254.
(pdftex.def)             Requested size: 256.0748pt x 170.72333pt.
<imagenes/p5_roc_gpflow_linear.pdf, id=1040, 433.62pt x 289.08pt>
File: imagenes/p5_roc_gpflow_linear.pdf Graphic file (type pdf)
<use imagenes/p5_roc_gpflow_linear.pdf>
Package pdftex.def Info: imagenes/p5_roc_gpflow_linear.pdf  used on input line 
274.
(pdftex.def)             Requested size: 170.71652pt x 113.8126pt.
<imagenes/p5_curve_gpflow_linear.pdf, id=1041, 433.62pt x 289.08pt>
File: imagenes/p5_curve_gpflow_linear.pdf Graphic file (type pdf)
<use imagenes/p5_curve_gpflow_linear.pdf>
Package pdftex.def Info: imagenes/p5_curve_gpflow_linear.pdf  used on input lin
e 275.
(pdftex.def)             Requested size: 170.71652pt x 113.8126pt.

Underfull \vbox (badness 5036) has occurred while \output is active []

LaTeX Info: Redefining \. on input line 279.
LaTeX Info: Redefining \% on input line 279.
 [16 <./imagenes/p4_roc_gpflow_linear.pdf> <./imagenes/p4_curve_gpflow_linear.p
df

pdfTeX warning: pdflatex.exe (file ./imagenes/p4_curve_gpflow_linear.pdf): PDF 
inclusion: multiple pdfs with page group included in a single page
> <./imagenes/confusion_mat4_gpflow_linear.pdf

pdfTeX warning: pdflatex.exe (file ./imagenes/confusion_mat4_gpflow_linear.pdf)
: PDF inclusion: multiple pdfs with page group included in a single page
>]
<imagenes/confusion_mat5_gpflow_linear.pdf, id=1152, 433.62pt x 289.08pt>
File: imagenes/confusion_mat5_gpflow_linear.pdf Graphic file (type pdf)
<use imagenes/confusion_mat5_gpflow_linear.pdf>
Package pdftex.def Info: imagenes/confusion_mat5_gpflow_linear.pdf  used on inp
ut line 282.
(pdftex.def)             Requested size: 256.0748pt x 170.72333pt.

Underfull \hbox (badness 10000) in paragraph at lines 300--301

 []

LaTeX Info: Redefining \. on input line 301.
LaTeX Info: Redefining \% on input line 301.
[17 <./imagenes/p5_roc_gpflow_linear.pdf> <./imagenes/p5_curve_gpflow_linear.pd
f

pdfTeX warning: pdflatex.exe (file ./imagenes/p5_curve_gpflow_linear.pdf): PDF 
inclusion: multiple pdfs with page group included in a single page
> <./imagenes/confusion_mat5_gpflow_linear.pdf

pdfTeX warning: pdflatex.exe (file ./imagenes/confusion_mat5_gpflow_linear.pdf)
: PDF inclusion: multiple pdfs with page group included in a single page
>]
Underfull \hbox (badness 10000) in paragraph at lines 305--306

 []


Underfull \hbox (badness 10000) in paragraph at lines 307--308

 []

)
Package atveryend Info: Empty hook `BeforeClearDocument' on input line 172.
LaTeX Info: Redefining \. on input line 172.
LaTeX Info: Redefining \% on input line 172.
 [18]
Package atveryend Info: Empty hook `AfterLastShipout' on input line 172.
 (proyecto.aux
LaTeX Info: Redefining \. on input line 23.
LaTeX Info: Redefining \% on input line 23.
)
Package atveryend Info: Executing hook `AtVeryEndDocument' on input line 172.
Package atveryend Info: Executing hook `AtEndAfterFileList' on input line 172.
Package rerunfilecheck Info: File `proyecto.out' has not changed.
(rerunfilecheck)             Checksum: C996E4F39032CD5FFE7EEF97B1E5FC5B;568.
Package atveryend Info: Empty hook `AtVeryVeryEnd' on input line 172.
 ) 
Here is how much of TeX's memory you used:
 13348 strings out of 492969
 208347 string characters out of 3120367
 412074 words of memory out of 3000000
 16872 multiletter control sequences out of 15000+200000
 10731 words of font info for 38 fonts, out of 3000000 for 9000
 1141 hyphenation exceptions out of 8191
 53i,11n,92p,1283b,467s stack positions out of 5000i,500n,10000p,200000b,50000s
<C:/Users/Alberto Armijo Ruiz/AppData/Local/Programs/MiKTeX 2.9/fonts/type1/p
ublic/amsfonts/cm/cmbx10.pfb><C:/Users/Alberto Armijo Ruiz/AppData/Local/Progra
ms/MiKTeX 2.9/fonts/type1/public/amsfonts/cm/cmbx12.pfb><C:/Users/Alberto Armij
o Ruiz/AppData/Local/Programs/MiKTeX 2.9/fonts/type1/public/amsfonts/cm/cmcsc10
.pfb><C:/Users/Alberto Armijo Ruiz/AppData/Local/Programs/MiKTeX 2.9/fonts/type
1/public/amsfonts/cm/cmmi10.pfb><C:/Users/Alberto Armijo Ruiz/AppData/Local/Pro
grams/MiKTeX 2.9/fonts/type1/public/amsfonts/cm/cmmi8.pfb><C:/Users/Alberto Arm
ijo Ruiz/AppData/Local/Programs/MiKTeX 2.9/fonts/type1/public/amsfonts/cm/cmr10
.pfb><C:/Users/Alberto Armijo Ruiz/AppData/Local/Programs/MiKTeX 2.9/fonts/type
1/public/amsfonts/cm/cmr8.pfb><C:/Users/Alberto Armijo Ruiz/AppData/Local/Progr
ams/MiKTeX 2.9/fonts/type1/public/amsfonts/cm/cmsy10.pfb><C:/Users/Alberto Armi
jo Ruiz/AppData/Local/Programs/MiKTeX 2.9/fonts/type1/public/amsfonts/cm/cmsy8.
pfb><C:/Users/Alberto Armijo Ruiz/AppData/Local/Programs/MiKTeX 2.9/fonts/type1
/public/amsfonts/cm/cmti10.pfb>
Output written on proyecto.pdf (18 pages, 639943 bytes).
PDF statistics:
 1317 PDF objects out of 1440 (max. 8388607)
 90 named destinations out of 1000 (max. 500000)
 225 words of extra memory for PDF output out of 10000 (max. 10000000)

